app/build/outputs/logs/manifest-merger-release-report.txt
-- Merging decision tree log ---
manifest
ADDED from src\main\AndroidManifest.xml:2:1-100:12
	package
		ADDED from src\main\AndroidManifest.xml:3:2-32
		INJECTED from src\main\AndroidManifest.xml
		INJECTED from src\main\AndroidManifest.xml
	android:versionName
		ADDED from src\main\AndroidManifest.xml:6:2-34
		INJECTED from src\main\AndroidManifest.xml
		INJECTED from src\main\AndroidManifest.xml
	android:versionCode
		ADDED from src\main\AndroidManifest.xml:5:2-25
		INJECTED from src\main\AndroidManifest.xml
		INJECTED from src\main\AndroidManifest.xml
	xmlns:android
		ADDED from src\main\AndroidManifest.xml:2:11-69
	android:installLocation
		ADDED from src\main\AndroidManifest.xml:4:2-32
uses-sdk
ADDED from src\main\AndroidManifest.xml:8:2-10:35
	android:targetSdkVersion
		ADDED from src\main\AndroidManifest.xml:10:3-32
		INJECTED from src\main\AndroidManifest.xml
		INJECTED from src\main\AndroidManifest.xml
	android:minSdkVersion
		ADDED from src\main\AndroidManifest.xml:9:3-29
		INJECTED from src\main\AndroidManifest.xml
		INJECTED from src\main\AndroidManifest.xml
uses-permission#android.permission.INTERNET
ADDED from src\main\AndroidManifest.xml:12:2-64
	android:name
		ADDED from src\main\AndroidManifest.xml:12:19-61
uses-permission#android.permission.ACCESS_WIFI_STATE
ADDED from src\main\AndroidManifest.xml:13:2-73
	android:name
		ADDED from src\main\AndroidManifest.xml:13:19-70
uses-permission#android.permission.CHANGE_WIFI_STATE
ADDED from src\main\AndroidManifest.xml:14:2-73
	android:name
		ADDED from src\main\AndroidManifest.xml:14:19-70
uses-permission#android.permission.ACCESS_NETWORK_STATE
ADDED from src\main\AndroidManifest.xml:15:2-76
	android:name
		ADDED from src\main\AndroidManifest.xml:15:19-73
uses-permission#android.permission.MOUNT_UNMOUNT_FILESYSTEMS
ADDED from src\main\AndroidManifest.xml:16:2-81
	android:name
		ADDED from src\main\AndroidManifest.xml:16:19-78
uses-permission#android.permission.WRITE_EXTERNAL_STORAGE
ADDED from src\main\AndroidManifest.xml:17:2-78
	android:name
		ADDED from src\main\AndroidManifest.xml:17:19-75
uses-permission#android.permission.RECORD_AUDIO
ADDED from src\main\AndroidManifest.xml:18:2-68
	android:name
		ADDED from src\main\AndroidManifest.xml:18:19-65
uses-permission#android.permission.CAMERA
ADDED from src\main\AndroidManifest.xml:19:2-62
	android:name
		ADDED from src\main\AndroidManifest.xml:19:19-59
uses-permission#android.permission.ACCESS_COARSE_LOCATION
ADDED from src\main\AndroidManifest.xml:20:2-78
	android:name
		ADDED from src\main\AndroidManifest.xml:20:19-75
uses-permission#android.permission.ACCESS_FINE_LOCATION
ADDED from src\main\AndroidManifest.xml:21:2-76
	android:name
		ADDED from src\main\AndroidManifest.xml:21:19-73
uses-permission#android.permission.READ_PHONE_STATE
ADDED from src\main\AndroidManifest.xml:22:2-72
	android:name
		ADDED from src\main\AndroidManifest.xml:22:19-69
uses-permission#android.permission.READ_LOGS
ADDED from src\main\AndroidManifest.xml:23:2-65
	android:name
		ADDED from src\main\AndroidManifest.xml:23:19-62
uses-permission#android.permission.VIBRATE
ADDED from src\main\AndroidManifest.xml:24:2-63
	android:name
		ADDED from src\main\AndroidManifest.xml:24:19-60
uses-permission#android.permission.WAKE_LOCK
ADDED from src\main\AndroidManifest.xml:25:2-65
	android:name
		ADDED from src\main\AndroidManifest.xml:25:19-62
uses-permission#android.permission.WRITE_SETTINGS
ADDED from src\main\AndroidManifest.xml:26:2-70
	android:name
		ADDED from src\main\AndroidManifest.xml:26:19-67
uses-permission#android.permission.BROADCAST_STICKY
ADDED from src\main\AndroidManifest.xml:27:2-72
	android:name
		ADDED from src\main\AndroidManifest.xml:27:19-69
supports-screens
ADDED from src\main\AndroidManifest.xml:29:2-34:33
	android:largeScreens
		ADDED from src\main\AndroidManifest.xml:31:3-30
	android:smallScreens
		ADDED from src\main\AndroidManifest.xml:34:3-30
	android:normalScreens
		ADDED from src\main\AndroidManifest.xml:32:3-31
	android:resizeable
		ADDED from src\main\AndroidManifest.xml:33:3-28
	android:anyDensity
		ADDED from src\main\AndroidManifest.xml:30:3-28
application
ADDED from src\main\AndroidManifest.xml:36:2-98:16
	android:label
		ADDED from src\main\AndroidManifest.xml:41:3-35
	android:hardwareAccelerated
		ADDED from src\main\AndroidManifest.xml:39:3-38
	android:allowBackup
		ADDED from src\main\AndroidManifest.xml:38:3-30
	android:icon
		ADDED from src\main\AndroidManifest.xml:40:3-36
	android:largeHeap
		ADDED from src\main\AndroidManifest.xml:42:3-27
	android:theme
		ADDED from src\main\AndroidManifest.xml:43:3-35
	android:name
		ADDED from src\main\AndroidManifest.xml:37:3-54
activity#cn.ipmsgchat.android.activity.SettingMyInfoActivity
ADDED from src\main\AndroidManifest.xml:44:9-48:14
	android:screenOrientation
		ADDED from src\main\AndroidManifest.xml:46:4-40
	android:windowSoftInputMode
		ADDED from src\main\AndroidManifest.xml:47:4-43
	android:name
		ADDED from src\main\AndroidManifest.xml:45:4-50
activity#cn.ipmsgchat.android.activity.ChooseAvatarActivity
ADDED from src\main\AndroidManifest.xml:49:3-52:14
	android:screenOrientation
		ADDED from src\main\AndroidManifest.xml:51:4-40
	android:name
		ADDED from src\main\AndroidManifest.xml:50:4-49
activity#cn.ipmsgchat.android.activity.LoginActivity
ADDED from src\main\AndroidManifest.xml:53:9-61:14
	android:screenOrientation
		ADDED from src\main\AndroidManifest.xml:55:4-40
	android:windowSoftInputMode
		ADDED from src\main\AndroidManifest.xml:56:4-43
	android:name
		ADDED from src\main\AndroidManifest.xml:54:4-42
intent-filter#android.intent.action.MAIN+android.intent.category.LAUNCHER
ADDED from src\main\AndroidManifest.xml:57:13-60:29
action#android.intent.action.MAIN
ADDED from src\main\AndroidManifest.xml:58:17-68
	android:name
		ADDED from src\main\AndroidManifest.xml:58:25-66
category#android.intent.category.LAUNCHER
ADDED from src\main\AndroidManifest.xml:59:17-76
	android:name
		ADDED from src\main\AndroidManifest.xml:59:27-74
activity#cn.ipmsgchat.android.activity.imagefactory.ImageFactoryActivity
ADDED from src\main\AndroidManifest.xml:62:9-65:14
	android:screenOrientation
		ADDED from src\main\AndroidManifest.xml:64:4-40
	android:name
		ADDED from src\main\AndroidManifest.xml:63:4-62
activity#cn.ipmsgchat.android.activity.maintabs.MainTabActivity
ADDED from src\main\AndroidManifest.xml:66:3-69:14
	android:screenOrientation
		ADDED from src\main\AndroidManifest.xml:68:4-40
	android:name
		ADDED from src\main\AndroidManifest.xml:67:4-53
activity#cn.ipmsgchat.android.activity.maintabs.NearByActivity
ADDED from src\main\AndroidManifest.xml:70:3-73:14
	android:screenOrientation
		ADDED from src\main\AndroidManifest.xml:72:4-40
	android:name
		ADDED from src\main\AndroidManifest.xml:71:4-52
activity#cn.ipmsgchat.android.activity.maintabs.SessionListActivity
ADDED from src\main\AndroidManifest.xml:74:3-77:14
	android:screenOrientation
		ADDED from src\main\AndroidManifest.xml:76:4-40
	android:name
		ADDED from src\main\AndroidManifest.xml:75:4-57
activity#cn.ipmsgchat.android.activity.maintabs.SettingActivity
ADDED from src\main\AndroidManifest.xml:78:3-81:14
	android:screenOrientation
		ADDED from src\main\AndroidManifest.xml:80:4-40
	android:name
		ADDED from src\main\AndroidManifest.xml:79:4-53
activity#cn.ipmsgchat.android.activity.maintabs.TabItemActivity
ADDED from src\main\AndroidManifest.xml:82:3-85:14
	android:screenOrientation
		ADDED from src\main\AndroidManifest.xml:84:4-40
	android:name
		ADDED from src\main\AndroidManifest.xml:83:4-53
activity#cn.ipmsgchat.android.activity.OtherProfileActivity
ADDED from src\main\AndroidManifest.xml:86:3-89:14
	android:screenOrientation
		ADDED from src\main\AndroidManifest.xml:88:4-40
	android:name
		ADDED from src\main\AndroidManifest.xml:87:4-49
activity#cn.ipmsgchat.android.activity.ImageBrowserActivity
ADDED from src\main\AndroidManifest.xml:90:3-93:14
	android:screenOrientation
		ADDED from src\main\AndroidManifest.xml:92:4-40
	android:name
		ADDED from src\main\AndroidManifest.xml:91:4-49
activity#cn.ipmsgchat.android.activity.message.ChatActivity
ADDED from src\main\AndroidManifest.xml:94:3-97:14
	android:screenOrientation
		ADDED from src\main\AndroidManifest.xml:96:4-40
	android:name
		ADDED from src\main\AndroidManifest.xml:95:4-49